<?xml version="1.0" encoding="UTF-8"?>
<!-- Generated by org.testng.reporters.JUnitReportReporter -->
<testsuite hostname="LAPTOP-R0I62GCV" failures="0" tests="3" name="practice.ForLearnigGroupExecutionContact" time="45.446" errors="0" timestamp="2022-03-17T13:30:08 IST" skipped="0">
  <testcase classname="practice.ForLearnigGroupExecutionContact" name="createContactUsingLastName" time="13.590"/>
  <system-out/>
  <testcase classname="practice.ForLearnigGroupExecutionContact" name="deleteContact" time="16.966"/>
  <system-out/>
  <testcase classname="practice.ForLearnigGroupExecutionContact" name="editContact" time="14.890"/>
  <system-out/>
</testsuite> <!-- practice.ForLearnigGroupExecutionContact -->
