<?xml version="1.0" encoding="UTF-8"?>
<!-- Generated by org.testng.reporters.JUnitReportReporter -->
<testsuite hostname="LAPTOP-R0I62GCV" failures="0" tests="5" name="practice.MultipleDataTestNG" time="147.925" errors="0" timestamp="14 Mar 2022 07:11:20 GMT" skipped="0">
  <testcase classname="practice.MultipleDataTestNG" name="createContactWithMultipleData" time="26.915"/>
  <testcase classname="practice.MultipleDataTestNG" name="createContactWithMultipleData" time="30.499"/>
  <testcase classname="practice.MultipleDataTestNG" name="createContactWithMultipleData" time="28.439"/>
  <testcase classname="practice.MultipleDataTestNG" name="createContactWithMultipleData" time="30.772"/>
  <testcase classname="practice.MultipleDataTestNG" name="createContactWithMultipleData" time="31.300"/>
</testsuite> <!-- practice.MultipleDataTestNG -->
