<?xml version="1.0" encoding="UTF-8"?>
<!-- Generated by org.testng.reporters.JUnitReportReporter -->
<testsuite hostname="LAPTOP-R0I62GCV" failures="0" tests="1" name="crm.com.autodesk.campaign.CreateCampaignSelectingProductTest" time="56.910" errors="0" timestamp="2022-03-17T15:43:49 IST" skipped="0">
  <testcase classname="crm.com.autodesk.campaign.CreateCampaignSelectingProductTest" name="CreateCampaignSelectingProduct" time="56.910"/>
  <system-out/>
</testsuite> <!-- crm.com.autodesk.campaign.CreateCampaignSelectingProductTest -->
