<?xml version="1.0" encoding="UTF-8"?>
<!-- Generated by org.testng.reporters.JUnitReportReporter -->
<testsuite hostname="LAPTOP-R0I62GCV" failures="0" tests="4" name="practice.ForLearningGroupExecutionCampaign" time="48.404" errors="0" timestamp="2022-03-17T10:47:10 IST" skipped="0">
  <testcase classname="practice.ForLearningGroupExecutionCampaign" name="searchcampaign" time="12.713"/>
  <system-out/>
  <testcase classname="practice.ForLearningGroupExecutionCampaign" name="editcampaign" time="12.603"/>
  <system-out/>
  <testcase classname="practice.ForLearningGroupExecutionCampaign" name="createcampaignUsingcampaignName" time="11.391"/>
  <system-out/>
  <testcase classname="practice.ForLearningGroupExecutionCampaign" name="deletecampaign" time="11.697"/>
  <system-out/>
</testsuite> <!-- practice.ForLearningGroupExecutionCampaign -->
