<?xml version="1.0" encoding="UTF-8"?>
<!-- Generated by org.testng.reporters.JUnitReportReporter -->
<testsuite hostname="LAPTOP-R0I62GCV" failures="0" tests="8" name="practice.ForLearningGroupExecutionProduct" time="85.876" errors="0" timestamp="2022-03-17T10:47:10 IST" skipped="0">
  <testcase classname="practice.ForLearningGroupExecutionProduct" name="editProduct" time="13.028"/>
  <system-out/>
  <testcase classname="practice.ForLearningGroupExecutionProduct" name="editProduct" time="8.894"/>
  <system-out/>
  <testcase classname="practice.ForLearningGroupExecutionProduct" name="createproductUsingProductName" time="12.859"/>
  <system-out/>
  <testcase classname="practice.ForLearningGroupExecutionProduct" name="deleteProduct" time="9.650"/>
  <system-out/>
  <testcase classname="practice.ForLearningGroupExecutionProduct" name="deleteProduct" time="11.158"/>
  <system-out/>
  <testcase classname="practice.ForLearningGroupExecutionProduct" name="searchProduct" time="11.365"/>
  <system-out/>
  <testcase classname="practice.ForLearningGroupExecutionProduct" name="searchProduct" time="8.980"/>
  <system-out/>
  <testcase classname="practice.ForLearningGroupExecutionProduct" name="createproductUsingProductName" time="9.942"/>
  <system-out/>
</testsuite> <!-- practice.ForLearningGroupExecutionProduct -->
