<?xml version="1.0" encoding="UTF-8"?>
<!-- Generated by org.testng.reporters.JUnitReportReporter -->
<testsuite hostname="LAPTOP-R0I62GCV" failures="0" tests="1" name="crm.com.autodesk.product.CreateProductWithMandatoryFieldTest" time="48.735" errors="0" timestamp="2022-03-16T15:20:34 IST" skipped="0">
  <testcase classname="crm.com.autodesk.product.CreateProductWithMandatoryFieldTest" name="CreateProductWithMandatoryField" time="48.735"/>
  <system-out/>
</testsuite> <!-- crm.com.autodesk.product.CreateProductWithMandatoryFieldTest -->
