<?xml version="1.0" encoding="UTF-8"?>
<!-- Generated by org.testng.reporters.JUnitReportReporter -->
<testsuite hostname="LAPTOP-R0I62GCV" failures="0" tests="3" name="practice.CreateModifyAndDeleteContactUsingDependentsOnMethodFlag" time="80.661" errors="0" timestamp="2022-03-15T14:36:50 IST" skipped="0">
  <testcase classname="practice.CreateModifyAndDeleteContactUsingDependentsOnMethodFlag" name="deleteContact" time="20.326"/>
  <system-out/>
  <testcase classname="practice.CreateModifyAndDeleteContactUsingDependentsOnMethodFlag" name="createContact" time="34.827"/>
  <system-out/>
  <testcase classname="practice.CreateModifyAndDeleteContactUsingDependentsOnMethodFlag" name="modifyContact" time="25.508"/>
  <system-out/>
</testsuite> <!-- practice.CreateModifyAndDeleteContactUsingDependentsOnMethodFlag -->
