<?xml version="1.0" encoding="UTF-8"?>
<!-- Generated by org.testng.reporters.JUnitReportReporter -->
<testsuite hostname="LAPTOP-R0I62GCV" failures="0" tests="1" name="crm.com.autodesk.Contact.CreateContactTest" time="32.030" errors="0" timestamp="2022-03-16T15:20:34 IST" skipped="0">
  <testcase classname="crm.com.autodesk.Contact.CreateContactTest" name="createContact" time="32.030"/>
  <system-out/>
</testsuite> <!-- crm.com.autodesk.Contact.CreateContactTest -->
