<?xml version="1.0" encoding="UTF-8"?>
<!-- Generated by org.testng.reporters.JUnitReportReporter -->
<testsuite hostname="LAPTOP-R0I62GCV" failures="0" tests="1" name="crm.com.autodesk.organization.CreateOrganiztionSelectingIndustry" time="33.825" errors="0" timestamp="2022-03-16T17:02:48 IST" skipped="0">
  <testcase classname="crm.com.autodesk.organization.CreateOrganiztionSelectingIndustry" name="createOrganiztionSelectingIndustry" time="33.825"/>
  <system-out/>
</testsuite> <!-- crm.com.autodesk.organization.CreateOrganiztionSelectingIndustry -->
