<?xml version="1.0" encoding="UTF-8"?>
<!-- Generated by org.testng.reporters.JUnitXMLReporter -->
<testsuite ignored="4" hostname="LAPTOP-R0I62GCV" failures="0" tests="2" name="Test-runner 1" time="131.661" errors="0" timestamp="2022-03-16T15:20:25 IST">
  <testcase classname="crm.com.autodesk.Contact.CreateContactSelectingOrganizationTest" name="createContactSelectingOrg" time="65.83"/>
  <testcase classname="crm.com.autodesk.Contact.CreateContactTest" name="createContact" time="23.073"/>
  <testcase classname="crm.com.autodesk.generic.utility.BaseClass" name="@BeforeTest beforeTest" time="0.0">
    <ignored/>
  </testcase> <!-- @BeforeTest beforeTest -->
  <testcase classname="crm.com.autodesk.generic.utility.BaseClass" name="@AfterTest afterTest" time="0.0">
    <ignored/>
  </testcase> <!-- @AfterTest afterTest -->
  <testcase classname="crm.com.autodesk.generic.utility.BaseClass" name="@BeforeSuite beforeSuite" time="0.0">
    <ignored/>
  </testcase> <!-- @BeforeSuite beforeSuite -->
  <testcase classname="crm.com.autodesk.generic.utility.BaseClass" name="@AfterSuite afterSuite" time="0.0">
    <ignored/>
  </testcase> <!-- @AfterSuite afterSuite -->
</testsuite> <!-- Test-runner 1 -->
