<?xml version="1.0" encoding="UTF-8"?>
<!-- Generated by org.testng.reporters.JUnitXMLReporter -->
<testsuite ignored="4" hostname="LAPTOP-R0I62GCV" failures="0" tests="2" name="Test-runner 2" time="125.776" errors="0" timestamp="2022-03-16T15:20:19 IST">
  <testcase classname="crm.com.autodesk.product.CreateContactProvidingDescriptionTest" name="createContactProvidingDescription" time="35.175"/>
  <testcase classname="crm.com.autodesk.campaign.CreateCampaignSelectingProductTest" name="CreateCampaignSelectingProduct" time="49.188"/>
  <testcase classname="crm.com.autodesk.generic.utility.BaseClass" name="@BeforeTest beforeTest" time="0.0">
    <ignored/>
  </testcase> <!-- @BeforeTest beforeTest -->
  <testcase classname="crm.com.autodesk.generic.utility.BaseClass" name="@AfterTest afterTest" time="0.0">
    <ignored/>
  </testcase> <!-- @AfterTest afterTest -->
  <testcase classname="crm.com.autodesk.generic.utility.BaseClass" name="@BeforeSuite beforeSuite" time="0.0">
    <ignored/>
  </testcase> <!-- @BeforeSuite beforeSuite -->
  <testcase classname="crm.com.autodesk.generic.utility.BaseClass" name="@AfterSuite afterSuite" time="0.0">
    <ignored/>
  </testcase> <!-- @AfterSuite afterSuite -->
</testsuite> <!-- Test-runner 2 -->
